0 verbose cli C:\Program Files\nodejs\node.exe C:\Program Files\nodejs\node_modules\npm\bin\npm-cli.js
1 info using npm@10.9.2
2 info using node@v22.17.0
3 silly config load:file:C:\Program Files\nodejs\node_modules\npm\npmrc
4 silly config load:file:c:\Users\aoseb\fast_hack\frontend\.npmrc
5 silly config load:file:C:\Users\aoseb\.npmrc
6 silly config load:file:C:\Users\aoseb\AppData\Roaming\npm\etc\npmrc
7 verbose title npm install bootstrap react-bootstrap
8 verbose argv "install" "bootstrap" "react-bootstrap"
9 verbose logfile logs-max:10 dir:c:\Users\aoseb\fast_hack\frontend\%APPDATA%\npm-cache\_logs\2025-11-08T09_06_41_718Z-
10 verbose logfile c:\Users\aoseb\fast_hack\frontend\%APPDATA%\npm-cache\_logs\2025-11-08T09_06_41_718Z-debug-0.log
11 silly logfile done cleaning log files
12 silly packumentCache heap:2197815296 maxSize:549453824 maxEntrySize:274726912
13 silly idealTree buildDeps
14 silly fetch manifest bootstrap@*
15 silly packumentCache full:https://registry.npmjs.org/bootstrap cache-miss
16 http fetch GET 200 https://registry.npmjs.org/bootstrap 568ms (cache miss)
17 silly packumentCache full:https://registry.npmjs.org/bootstrap set size:undefined disposed:false
18 silly fetch manifest @popperjs/core@^2.11.8
19 silly packumentCache full:https://registry.npmjs.org/@popperjs%2fcore cache-miss
20 http fetch GET 200 https://registry.npmjs.org/npm 888ms
21 http fetch GET 200 https://registry.npmjs.org/@popperjs%2fcore 317ms (cache miss)
22 silly packumentCache full:https://registry.npmjs.org/@popperjs%2fcore set size:undefined disposed:false
23 silly fetch manifest react-bootstrap@*
24 silly packumentCache full:https://registry.npmjs.org/react-bootstrap cache-miss
25 http fetch GET 200 https://registry.npmjs.org/react-bootstrap 295ms (cache miss)
26 silly packumentCache full:https://registry.npmjs.org/react-bootstrap set size:undefined disposed:false
27 silly fetch manifest @types/react@>=16.14.8
28 silly packumentCache full:https://registry.npmjs.org/@types%2freact cache-miss
29 http fetch GET 200 https://registry.npmjs.org/@types%2freact 416ms (cache miss)
30 silly packumentCache full:https://registry.npmjs.org/@types%2freact set size:undefined disposed:false
31 silly fetch manifest react@>=16.14.0
32 silly packumentCache full:https://registry.npmjs.org/react cache-miss
33 http fetch GET 200 https://registry.npmjs.org/react 1224ms (cache miss)
34 silly packumentCache full:https://registry.npmjs.org/react set size:undefined disposed:false
35 silly fetch manifest react-dom@>=16.14.0
36 silly packumentCache full:https://registry.npmjs.org/react-dom cache-miss
37 http fetch GET 200 https://registry.npmjs.org/react-dom 893ms (cache miss)
38 silly packumentCache full:https://registry.npmjs.org/react-dom set size:undefined disposed:false
39 silly placeDep ROOT bootstrap@5.3.8 OK for:  want: *
40 silly placeDep ROOT @popperjs/core@2.11.8 OK for: bootstrap@5.3.8 want: ^2.11.8
41 silly placeDep ROOT react-bootstrap@2.10.10 OK for:  want: *
42 silly placeDep ROOT react@19.2.0 OK for: react-bootstrap@2.10.10 want: >=16.14.0
43 silly placeDep ROOT react-dom@19.2.0 OK for: react-bootstrap@2.10.10 want: >=16.14.0
44 silly fetch manifest warning@^4.0.3
45 silly packumentCache full:https://registry.npmjs.org/warning cache-miss
46 silly fetch manifest invariant@^2.2.4
47 silly packumentCache full:https://registry.npmjs.org/invariant cache-miss
48 silly fetch manifest classnames@^2.3.2
49 silly packumentCache full:https://registry.npmjs.org/classnames cache-miss
50 silly fetch manifest prop-types@^15.8.1
51 silly packumentCache full:https://registry.npmjs.org/prop-types cache-miss
52 silly fetch manifest @restart/ui@^1.9.4
53 silly packumentCache full:https://registry.npmjs.org/@restart%2fui cache-miss
54 silly fetch manifest dom-helpers@^5.2.1
55 silly packumentCache full:https://registry.npmjs.org/dom-helpers cache-miss
56 silly fetch manifest @babel/runtime@^7.24.7
57 silly packumentCache full:https://registry.npmjs.org/@babel%2fruntime cache-miss
58 http fetch GET 200 https://registry.npmjs.org/invariant 219ms (cache miss)
59 silly packumentCache full:https://registry.npmjs.org/invariant set size:undefined disposed:false
60 silly fetch manifest @restart/hooks@^0.4.9
61 silly packumentCache full:https://registry.npmjs.org/@restart%2fhooks cache-miss
62 http fetch GET 200 https://registry.npmjs.org/warning 224ms (cache miss)
63 silly packumentCache full:https://registry.npmjs.org/warning set size:undefined disposed:false
64 silly fetch manifest uncontrollable@^7.2.1
65 silly packumentCache full:https://registry.npmjs.org/uncontrollable cache-miss
66 http fetch GET 200 https://registry.npmjs.org/prop-types 319ms (cache miss)
67 silly packumentCache full:https://registry.npmjs.org/prop-types set size:undefined disposed:false
68 silly fetch manifest prop-types-extra@^1.1.0
69 silly packumentCache full:https://registry.npmjs.org/prop-types-extra cache-miss
70 http fetch GET 200 https://registry.npmjs.org/classnames 330ms (cache miss)
71 silly packumentCache full:https://registry.npmjs.org/classnames set size:undefined disposed:false
72 silly fetch manifest @types/prop-types@^15.7.12
73 silly packumentCache full:https://registry.npmjs.org/@types%2fprop-types cache-miss
74 http fetch GET 200 https://registry.npmjs.org/dom-helpers 335ms (cache miss)
75 silly packumentCache full:https://registry.npmjs.org/dom-helpers set size:undefined disposed:false
76 silly fetch manifest react-transition-group@^4.4.5
77 silly packumentCache full:https://registry.npmjs.org/react-transition-group cache-miss
78 http fetch GET 200 https://registry.npmjs.org/uncontrollable 142ms (cache miss)
79 silly packumentCache full:https://registry.npmjs.org/uncontrollable set size:undefined disposed:false
80 silly fetch manifest @types/react-transition-group@^4.4.6
81 silly packumentCache full:https://registry.npmjs.org/@types%2freact-transition-group cache-miss
82 http fetch GET 200 https://registry.npmjs.org/prop-types-extra 492ms (cache miss)
83 silly packumentCache full:https://registry.npmjs.org/prop-types-extra set size:undefined disposed:false
84 silly fetch manifest scheduler@^0.27.0
85 silly packumentCache full:https://registry.npmjs.org/scheduler cache-miss
86 http fetch GET 200 https://registry.npmjs.org/@types%2fprop-types 494ms (cache miss)
87 silly packumentCache full:https://registry.npmjs.org/@types%2fprop-types set size:undefined disposed:false
88 http fetch GET 200 https://registry.npmjs.org/@types%2freact-transition-group 458ms (cache miss)
89 silly packumentCache full:https://registry.npmjs.org/@types%2freact-transition-group set size:undefined disposed:false
90 http fetch GET 200 https://registry.npmjs.org/@restart%2fhooks 617ms (cache miss)
91 silly packumentCache full:https://registry.npmjs.org/@restart%2fhooks set size:undefined disposed:false
92 http fetch GET 200 https://registry.npmjs.org/react-transition-group 586ms (cache miss)
93 silly packumentCache full:https://registry.npmjs.org/react-transition-group set size:undefined disposed:false
94 http fetch GET 200 https://registry.npmjs.org/@babel%2fruntime 1003ms (cache miss)
95 silly packumentCache full:https://registry.npmjs.org/@babel%2fruntime set size:undefined disposed:false
96 http fetch GET 200 https://registry.npmjs.org/@restart%2fui 1233ms (cache miss)
97 silly packumentCache full:https://registry.npmjs.org/@restart%2fui set size:undefined disposed:false
98 http fetch GET 200 https://registry.npmjs.org/scheduler 1861ms (cache miss)
99 silly packumentCache full:https://registry.npmjs.org/scheduler set size:undefined disposed:false
100 silly placeDep ROOT @babel/runtime@7.28.4 OK for: react-bootstrap@2.10.10 want: ^7.24.7
101 silly placeDep ROOT @restart/hooks@0.4.16 OK for: react-bootstrap@2.10.10 want: ^0.4.9
102 silly placeDep ROOT @restart/ui@1.9.4 OK for: react-bootstrap@2.10.10 want: ^1.9.4
103 silly placeDep ROOT @types/prop-types@15.7.15 OK for: react-bootstrap@2.10.10 want: ^15.7.12
104 silly placeDep ROOT @types/react-transition-group@4.4.12 OK for: react-bootstrap@2.10.10 want: ^4.4.6
105 silly placeDep ROOT @types/react@19.2.2 OK for: @types/react-transition-group@4.4.12 want: *
106 silly placeDep ROOT classnames@2.5.1 OK for: react-bootstrap@2.10.10 want: ^2.3.2
107 silly placeDep ROOT dom-helpers@5.2.1 OK for: react-bootstrap@2.10.10 want: ^5.2.1
108 silly placeDep ROOT invariant@2.2.4 OK for: react-bootstrap@2.10.10 want: ^2.2.4
109 silly placeDep ROOT prop-types@15.8.1 OK for: react-bootstrap@2.10.10 want: ^15.8.1
110 silly placeDep ROOT prop-types-extra@1.1.1 OK for: react-bootstrap@2.10.10 want: ^1.1.0
111 silly placeDep ROOT react-transition-group@4.4.5 OK for: react-bootstrap@2.10.10 want: ^4.4.5
112 silly placeDep ROOT uncontrollable@7.2.1 OK for: react-bootstrap@2.10.10 want: ^7.2.1
113 silly placeDep ROOT warning@4.0.3 OK for: react-bootstrap@2.10.10 want: ^4.0.3
114 silly fetch manifest dequal@^2.0.3
115 silly packumentCache full:https://registry.npmjs.org/dequal cache-miss
116 silly fetch manifest dequal@^2.0.3
117 silly packumentCache full:https://registry.npmjs.org/dequal cache-miss
118 silly fetch manifest dom-helpers@^5.2.0
119 silly packumentCache full:https://registry.npmjs.org/dom-helpers cache-miss
120 silly fetch manifest @restart/hooks@^0.5.0
121 silly packumentCache full:https://registry.npmjs.org/@restart%2fhooks cache-miss
122 silly fetch manifest @types/warning@^3.0.3
123 silly packumentCache full:https://registry.npmjs.org/@types%2fwarning cache-miss
124 silly fetch manifest uncontrollable@^8.0.4
125 silly packumentCache full:https://registry.npmjs.org/uncontrollable cache-miss
126 silly fetch manifest @react-aria/ssr@^3.5.0
127 silly packumentCache full:https://registry.npmjs.org/@react-aria%2fssr cache-miss
128 http cache https://registry.npmjs.org/dom-helpers 35ms (cache hit)
129 silly packumentCache full:https://registry.npmjs.org/dom-helpers set size:76331 disposed:false
130 silly fetch manifest csstype@^3.0.2
131 silly packumentCache full:https://registry.npmjs.org/csstype cache-miss
132 http cache https://registry.npmjs.org/@restart%2fhooks 40ms (cache hit)
133 silly packumentCache full:https://registry.npmjs.org/@restart%2fhooks set size:179485 disposed:false
134 silly fetch manifest csstype@^3.0.2
135 silly packumentCache full:https://registry.npmjs.org/csstype cache-miss
136 http cache https://registry.npmjs.org/uncontrollable 48ms (cache hit)
137 silly packumentCache full:https://registry.npmjs.org/uncontrollable set size:116012 disposed:false
138 silly fetch manifest loose-envify@^1.0.0
139 silly packumentCache full:https://registry.npmjs.org/loose-envify cache-miss
140 http fetch GET 200 https://registry.npmjs.org/dequal 165ms (cache miss)
141 silly packumentCache full:https://registry.npmjs.org/dequal set size:undefined disposed:false
142 silly fetch manifest loose-envify@^1.4.0
143 silly packumentCache full:https://registry.npmjs.org/loose-envify cache-miss
144 http fetch GET 200 https://registry.npmjs.org/dequal 170ms (cache miss)
145 silly packumentCache full:https://registry.npmjs.org/dequal set size:undefined disposed:false
146 silly fetch manifest object-assign@^4.1.1
147 silly packumentCache full:https://registry.npmjs.org/object-assign cache-miss
148 http fetch GET 200 https://registry.npmjs.org/csstype 248ms (cache miss)
149 silly packumentCache full:https://registry.npmjs.org/csstype set size:undefined disposed:false
150 silly fetch manifest react-is@^16.13.1
151 silly packumentCache full:https://registry.npmjs.org/react-is cache-miss
152 http fetch GET 200 https://registry.npmjs.org/csstype 260ms (cache miss)
153 silly packumentCache full:https://registry.npmjs.org/csstype set size:undefined disposed:false
154 silly fetch manifest react-is@^16.3.2
155 silly packumentCache full:https://registry.npmjs.org/react-is cache-miss
156 http fetch GET 200 https://registry.npmjs.org/@types%2fwarning 310ms (cache miss)
157 silly packumentCache full:https://registry.npmjs.org/@types%2fwarning set size:undefined disposed:false
158 silly fetch manifest warning@^4.0.0
159 silly packumentCache full:https://registry.npmjs.org/warning cache-miss
160 http fetch GET 200 https://registry.npmjs.org/loose-envify 264ms (cache miss)
161 silly packumentCache full:https://registry.npmjs.org/loose-envify set size:undefined disposed:false
162 silly fetch manifest loose-envify@^1.4.0
163 silly packumentCache full:https://registry.npmjs.org/loose-envify cache-miss
164 http fetch GET 200 https://registry.npmjs.org/loose-envify 153ms (cache miss)
165 silly packumentCache full:https://registry.npmjs.org/loose-envify set size:undefined disposed:false
166 silly fetch manifest react-lifecycles-compat@^3.0.4
167 silly packumentCache full:https://registry.npmjs.org/react-lifecycles-compat cache-miss
168 http cache https://registry.npmjs.org/warning 27ms (cache hit)
169 silly packumentCache full:https://registry.npmjs.org/warning set size:22942 disposed:false
170 http cache https://registry.npmjs.org/loose-envify 24ms (cache hit)
171 silly packumentCache full:https://registry.npmjs.org/loose-envify set size:12559 disposed:false
172 http fetch GET 200 https://registry.npmjs.org/object-assign 365ms (cache miss)
173 silly packumentCache full:https://registry.npmjs.org/object-assign set size:undefined disposed:false
174 http fetch GET 200 https://registry.npmjs.org/@react-aria%2fssr 602ms (cache miss)
175 silly packumentCache full:https://registry.npmjs.org/@react-aria%2fssr set size:undefined disposed:false
176 http fetch GET 200 https://registry.npmjs.org/react-lifecycles-compat 440ms (cache miss)
177 silly packumentCache full:https://registry.npmjs.org/react-lifecycles-compat set size:undefined disposed:false
178 http fetch GET 200 https://registry.npmjs.org/react-is 1119ms (cache miss)
179 silly packumentCache full:https://registry.npmjs.org/react-is set size:undefined disposed:false
180 http fetch GET 200 https://registry.npmjs.org/react-is 1607ms (cache miss)
181 silly packumentCache full:https://registry.npmjs.org/react-is set size:undefined disposed:false
182 silly placeDep ROOT dequal@2.0.3 OK for: @restart/hooks@0.4.16 want: ^2.0.3
183 silly placeDep ROOT @react-aria/ssr@3.9.10 OK for: @restart/ui@1.9.4 want: ^3.5.0
184 silly placeDep node_modules/@restart/ui @restart/hooks@0.5.1 OK for: @restart/ui@1.9.4 want: ^0.5.0
185 silly placeDep ROOT @types/warning@3.0.3 OK for: @restart/ui@1.9.4 want: ^3.0.3
186 silly placeDep node_modules/@restart/ui uncontrollable@8.0.4 OK for: @restart/ui@1.9.4 want: ^8.0.4
187 silly fetch manifest @swc/helpers@^0.5.0
188 silly packumentCache full:https://registry.npmjs.org/@swc%2fhelpers cache-miss
189 http fetch GET 200 https://registry.npmjs.org/@swc%2fhelpers 459ms (cache miss)
190 silly packumentCache full:https://registry.npmjs.org/@swc%2fhelpers set size:undefined disposed:false
191 silly placeDep ROOT @swc/helpers@0.5.17 OK for: @react-aria/ssr@3.9.10 want: ^0.5.0
192 silly fetch manifest tslib@^2.8.0
193 silly packumentCache full:https://registry.npmjs.org/tslib cache-miss
194 http fetch GET 200 https://registry.npmjs.org/tslib 150ms (cache miss)
195 silly packumentCache full:https://registry.npmjs.org/tslib set size:undefined disposed:false
196 silly placeDep ROOT tslib@2.8.1 OK for: @swc/helpers@0.5.17 want: ^2.8.0
197 silly placeDep ROOT csstype@3.1.3 OK for: @types/react@19.2.2 want: ^3.0.2
198 silly placeDep ROOT loose-envify@1.4.0 OK for: invariant@2.2.4 want: ^1.0.0
199 silly fetch manifest js-tokens@^3.0.0 || ^4.0.0
200 silly packumentCache full:https://registry.npmjs.org/js-tokens cache-miss
201 http fetch GET 200 https://registry.npmjs.org/js-tokens 152ms (cache miss)
202 silly packumentCache full:https://registry.npmjs.org/js-tokens set size:undefined disposed:false
203 silly placeDep ROOT js-tokens@4.0.0 OK for: loose-envify@1.4.0 want: ^3.0.0 || ^4.0.0
204 silly placeDep ROOT object-assign@4.1.1 OK for: prop-types@15.8.1 want: ^4.1.1
205 silly placeDep ROOT react-is@16.13.1 OK for: prop-types@15.8.1 want: ^16.13.1
206 silly placeDep ROOT scheduler@0.27.0 OK for: react-dom@19.2.0 want: ^0.27.0
207 silly placeDep ROOT react-lifecycles-compat@3.0.4 OK for: uncontrollable@7.2.1 want: ^3.0.4
208 silly reify moves {}
209 http cache react-lifecycles-compat@https://registry.npmjs.org/react-lifecycles-compat/-/react-lifecycles-compat-3.0.4.tgz 0ms (cache hit)
210 http cache scheduler@https://registry.npmjs.org/scheduler/-/scheduler-0.27.0.tgz 0ms (cache hit)
211 http cache object-assign@https://registry.npmjs.org/object-assign/-/object-assign-4.1.1.tgz 0ms (cache hit)
212 http cache js-tokens@https://registry.npmjs.org/js-tokens/-/js-tokens-4.0.0.tgz 0ms (cache hit)
213 http cache loose-envify@https://registry.npmjs.org/loose-envify/-/loose-envify-1.4.0.tgz 0ms (cache hit)
214 http cache react-is@https://registry.npmjs.org/react-is/-/react-is-16.13.1.tgz 0ms (cache hit)
215 http cache csstype@https://registry.npmjs.org/csstype/-/csstype-3.1.3.tgz 0ms (cache hit)
216 http cache @swc/helpers@https://registry.npmjs.org/@swc/helpers/-/helpers-0.5.17.tgz 0ms (cache hit)
217 http cache @react-aria/ssr@https://registry.npmjs.org/@react-aria/ssr/-/ssr-3.9.10.tgz 0ms (cache hit)
218 http cache tslib@https://registry.npmjs.org/tslib/-/tslib-2.8.1.tgz 0ms (cache hit)
219 http cache @types/warning@https://registry.npmjs.org/@types/warning/-/warning-3.0.3.tgz 0ms (cache hit)
220 http cache dequal@https://registry.npmjs.org/dequal/-/dequal-2.0.3.tgz 0ms (cache hit)
221 http cache warning@https://registry.npmjs.org/warning/-/warning-4.0.3.tgz 0ms (cache hit)
222 http cache uncontrollable@https://registry.npmjs.org/uncontrollable/-/uncontrollable-7.2.1.tgz 0ms (cache hit)
223 http cache react-transition-group@https://registry.npmjs.org/react-transition-group/-/react-transition-group-4.4.5.tgz 0ms (cache hit)
224 http cache prop-types-extra@https://registry.npmjs.org/prop-types-extra/-/prop-types-extra-1.1.1.tgz 0ms (cache hit)
225 http cache prop-types@https://registry.npmjs.org/prop-types/-/prop-types-15.8.1.tgz 0ms (cache hit)
226 http cache invariant@https://registry.npmjs.org/invariant/-/invariant-2.2.4.tgz 0ms (cache hit)
227 http cache dom-helpers@https://registry.npmjs.org/dom-helpers/-/dom-helpers-5.2.1.tgz 0ms (cache hit)
228 http cache classnames@https://registry.npmjs.org/classnames/-/classnames-2.5.1.tgz 0ms (cache hit)
229 http cache @restart/ui@https://registry.npmjs.org/@restart/ui/-/ui-1.9.4.tgz 0ms (cache hit)
230 http cache @restart/hooks@https://registry.npmjs.org/@restart/hooks/-/hooks-0.4.16.tgz 0ms (cache hit)
231 http cache @babel/runtime@https://registry.npmjs.org/@babel/runtime/-/runtime-7.28.4.tgz 0ms (cache hit)
232 http cache react@https://registry.npmjs.org/react/-/react-19.2.0.tgz 0ms (cache hit)
233 http cache react-dom@https://registry.npmjs.org/react-dom/-/react-dom-19.2.0.tgz 0ms (cache hit)
234 http cache react-bootstrap@https://registry.npmjs.org/react-bootstrap/-/react-bootstrap-2.10.10.tgz 0ms (cache hit)
235 http cache @types/prop-types@https://registry.npmjs.org/@types/prop-types/-/prop-types-15.7.15.tgz 0ms (cache hit)
236 http cache @types/react-transition-group@https://registry.npmjs.org/@types/react-transition-group/-/react-transition-group-4.4.12.tgz 0ms (cache hit)
237 http cache @types/react@https://registry.npmjs.org/@types/react/-/react-19.2.2.tgz 1ms (cache hit)
238 http cache uncontrollable@https://registry.npmjs.org/uncontrollable/-/uncontrollable-8.0.4.tgz 0ms (cache hit)
239 silly tarball no local data for react-lifecycles-compat@https://registry.npmjs.org/react-lifecycles-compat/-/react-lifecycles-compat-3.0.4.tgz. Extracting by manifest.
240 http cache bootstrap@https://registry.npmjs.org/bootstrap/-/bootstrap-5.3.8.tgz 0ms (cache hit)
241 http cache @popperjs/core@https://registry.npmjs.org/@popperjs/core/-/core-2.11.8.tgz 0ms (cache hit)
242 silly tarball no local data for scheduler@https://registry.npmjs.org/scheduler/-/scheduler-0.27.0.tgz. Extracting by manifest.
243 silly tarball no local data for object-assign@https://registry.npmjs.org/object-assign/-/object-assign-4.1.1.tgz. Extracting by manifest.
244 silly tarball no local data for js-tokens@https://registry.npmjs.org/js-tokens/-/js-tokens-4.0.0.tgz. Extracting by manifest.
245 silly tarball no local data for loose-envify@https://registry.npmjs.org/loose-envify/-/loose-envify-1.4.0.tgz. Extracting by manifest.
246 silly tarball no local data for react-is@https://registry.npmjs.org/react-is/-/react-is-16.13.1.tgz. Extracting by manifest.
247 silly tarball no local data for csstype@https://registry.npmjs.org/csstype/-/csstype-3.1.3.tgz. Extracting by manifest.
248 silly tarball no local data for @swc/helpers@https://registry.npmjs.org/@swc/helpers/-/helpers-0.5.17.tgz. Extracting by manifest.
249 silly tarball no local data for @react-aria/ssr@https://registry.npmjs.org/@react-aria/ssr/-/ssr-3.9.10.tgz. Extracting by manifest.
250 silly tarball no local data for tslib@https://registry.npmjs.org/tslib/-/tslib-2.8.1.tgz. Extracting by manifest.
251 silly tarball no local data for @types/warning@https://registry.npmjs.org/@types/warning/-/warning-3.0.3.tgz. Extracting by manifest.
252 silly tarball no local data for dequal@https://registry.npmjs.org/dequal/-/dequal-2.0.3.tgz. Extracting by manifest.
253 silly tarball no local data for warning@https://registry.npmjs.org/warning/-/warning-4.0.3.tgz. Extracting by manifest.
254 silly tarball no local data for uncontrollable@https://registry.npmjs.org/uncontrollable/-/uncontrollable-7.2.1.tgz. Extracting by manifest.
255 silly tarball no local data for react-transition-group@https://registry.npmjs.org/react-transition-group/-/react-transition-group-4.4.5.tgz. Extracting by manifest.
256 silly tarball no local data for prop-types-extra@https://registry.npmjs.org/prop-types-extra/-/prop-types-extra-1.1.1.tgz. Extracting by manifest.
257 silly tarball no local data for prop-types@https://registry.npmjs.org/prop-types/-/prop-types-15.8.1.tgz. Extracting by manifest.
258 silly tarball no local data for invariant@https://registry.npmjs.org/invariant/-/invariant-2.2.4.tgz. Extracting by manifest.
259 silly tarball no local data for dom-helpers@https://registry.npmjs.org/dom-helpers/-/dom-helpers-5.2.1.tgz. Extracting by manifest.
260 silly tarball no local data for classnames@https://registry.npmjs.org/classnames/-/classnames-2.5.1.tgz. Extracting by manifest.
261 http cache @restart/hooks@https://registry.npmjs.org/@restart/hooks/-/hooks-0.5.1.tgz 0ms (cache hit)
262 silly tarball no local data for @restart/ui@https://registry.npmjs.org/@restart/ui/-/ui-1.9.4.tgz. Extracting by manifest.
263 silly tarball no local data for @restart/hooks@https://registry.npmjs.org/@restart/hooks/-/hooks-0.4.16.tgz. Extracting by manifest.
264 silly tarball no local data for @babel/runtime@https://registry.npmjs.org/@babel/runtime/-/runtime-7.28.4.tgz. Extracting by manifest.
265 silly tarball no local data for react@https://registry.npmjs.org/react/-/react-19.2.0.tgz. Extracting by manifest.
266 silly tarball no local data for react-dom@https://registry.npmjs.org/react-dom/-/react-dom-19.2.0.tgz. Extracting by manifest.
267 silly tarball no local data for react-bootstrap@https://registry.npmjs.org/react-bootstrap/-/react-bootstrap-2.10.10.tgz. Extracting by manifest.
268 silly tarball no local data for @types/prop-types@https://registry.npmjs.org/@types/prop-types/-/prop-types-15.7.15.tgz. Extracting by manifest.
269 silly tarball no local data for @types/react-transition-group@https://registry.npmjs.org/@types/react-transition-group/-/react-transition-group-4.4.12.tgz. Extracting by manifest.
270 silly tarball no local data for @types/react@https://registry.npmjs.org/@types/react/-/react-19.2.2.tgz. Extracting by manifest.
271 silly tarball no local data for uncontrollable@https://registry.npmjs.org/uncontrollable/-/uncontrollable-8.0.4.tgz. Extracting by manifest.
272 silly tarball no local data for bootstrap@https://registry.npmjs.org/bootstrap/-/bootstrap-5.3.8.tgz. Extracting by manifest.
273 silly tarball no local data for @popperjs/core@https://registry.npmjs.org/@popperjs/core/-/core-2.11.8.tgz. Extracting by manifest.
274 silly tarball no local data for @restart/hooks@https://registry.npmjs.org/@restart/hooks/-/hooks-0.5.1.tgz. Extracting by manifest.
275 http fetch GET 200 https://registry.npmjs.org/loose-envify/-/loose-envify-1.4.0.tgz 454ms (cache miss)
276 http fetch GET 200 https://registry.npmjs.org/object-assign/-/object-assign-4.1.1.tgz 465ms (cache miss)
277 http fetch GET 200 https://registry.npmjs.org/js-tokens/-/js-tokens-4.0.0.tgz 464ms (cache miss)
278 http fetch GET 200 https://registry.npmjs.org/react-lifecycles-compat/-/react-lifecycles-compat-3.0.4.tgz 469ms (cache miss)
279 http fetch GET 200 https://registry.npmjs.org/invariant/-/invariant-2.2.4.tgz 465ms (cache miss)
280 http fetch GET 200 https://registry.npmjs.org/classnames/-/classnames-2.5.1.tgz 472ms (cache miss)
281 http fetch GET 200 https://registry.npmjs.org/warning/-/warning-4.0.3.tgz 554ms (cache miss)
282 http fetch GET 200 https://registry.npmjs.org/react-is/-/react-is-16.13.1.tgz 560ms (cache miss)
283 http fetch GET 200 https://registry.npmjs.org/@types/prop-types/-/prop-types-15.7.15.tgz 572ms (cache miss)
284 http fetch GET 200 https://registry.npmjs.org/prop-types-extra/-/prop-types-extra-1.1.1.tgz 597ms (cache miss)
285 http fetch GET 200 https://registry.npmjs.org/dequal/-/dequal-2.0.3.tgz 641ms (cache miss)
286 http fetch GET 200 https://registry.npmjs.org/prop-types/-/prop-types-15.8.1.tgz 664ms (cache miss)
287 http fetch GET 200 https://registry.npmjs.org/scheduler/-/scheduler-0.27.0.tgz 691ms (cache miss)
288 http fetch GET 200 https://registry.npmjs.org/tslib/-/tslib-2.8.1.tgz 774ms (cache miss)
289 http fetch GET 200 https://registry.npmjs.org/@types/warning/-/warning-3.0.3.tgz 800ms (cache miss)
290 http fetch GET 200 https://registry.npmjs.org/csstype/-/csstype-3.1.3.tgz 823ms (cache miss)
291 http fetch GET 200 https://registry.npmjs.org/react/-/react-19.2.0.tgz 896ms (cache miss)
292 http fetch GET 200 https://registry.npmjs.org/uncontrollable/-/uncontrollable-8.0.4.tgz 898ms (cache miss)
293 http fetch GET 200 https://registry.npmjs.org/uncontrollable/-/uncontrollable-7.2.1.tgz 944ms (cache miss)
294 http fetch GET 200 https://registry.npmjs.org/@react-aria/ssr/-/ssr-3.9.10.tgz 962ms (cache miss)
295 http fetch GET 200 https://registry.npmjs.org/@types/react/-/react-19.2.2.tgz 1060ms (cache miss)
296 http fetch GET 200 https://registry.npmjs.org/react-transition-group/-/react-transition-group-4.4.5.tgz 1080ms (cache miss)
297 http fetch GET 200 https://registry.npmjs.org/@types/react-transition-group/-/react-transition-group-4.4.12.tgz 1562ms (cache miss)
298 http fetch GET 200 https://registry.npmjs.org/react-dom/-/react-dom-19.2.0.tgz 2585ms (cache miss)
299 http fetch GET 200 https://registry.npmjs.org/@babel/runtime/-/runtime-7.28.4.tgz 2950ms (cache miss)
300 http fetch GET 200 https://registry.npmjs.org/@restart/hooks/-/hooks-0.4.16.tgz 2963ms (cache miss)
301 http fetch GET 200 https://registry.npmjs.org/@restart/ui/-/ui-1.9.4.tgz 3075ms (cache miss)
302 http fetch GET 200 https://registry.npmjs.org/dom-helpers/-/dom-helpers-5.2.1.tgz 3130ms (cache miss)
303 http fetch GET 200 https://registry.npmjs.org/@restart/hooks/-/hooks-0.5.1.tgz 3233ms (cache miss)
304 http fetch GET 200 https://registry.npmjs.org/@popperjs/core/-/core-2.11.8.tgz 3710ms (cache miss)
305 http fetch GET 200 https://registry.npmjs.org/bootstrap/-/bootstrap-5.3.8.tgz 3957ms (cache miss)
306 http fetch GET 200 https://registry.npmjs.org/@swc/helpers/-/helpers-0.5.17.tgz 4008ms (cache miss)
307 http fetch GET 200 https://registry.npmjs.org/react-bootstrap/-/react-bootstrap-2.10.10.tgz 4911ms (cache miss)
308 silly ADD node_modules/react-lifecycles-compat
309 silly ADD node_modules/scheduler
310 silly ADD node_modules/react-is
311 silly ADD node_modules/object-assign
312 silly ADD node_modules/js-tokens
313 silly ADD node_modules/loose-envify
314 silly ADD node_modules/csstype
315 silly ADD node_modules/tslib
316 silly ADD node_modules/@swc/helpers
317 silly ADD node_modules/@types/warning
318 silly ADD node_modules/@react-aria/ssr
319 silly ADD node_modules/dequal
320 silly ADD node_modules/warning
321 silly ADD node_modules/uncontrollable
322 silly ADD node_modules/react-transition-group
323 silly ADD node_modules/prop-types-extra
324 silly ADD node_modules/prop-types
325 silly ADD node_modules/invariant
326 silly ADD node_modules/dom-helpers
327 silly ADD node_modules/classnames
328 silly ADD node_modules/@types/react
329 silly ADD node_modules/@types/react-transition-group
330 silly ADD node_modules/@types/prop-types
331 silly ADD node_modules/@restart/ui
332 silly ADD node_modules/@restart/ui/node_modules/uncontrollable
333 silly ADD node_modules/@restart/ui/node_modules/@restart/hooks
334 silly ADD node_modules/@restart/hooks
335 silly ADD node_modules/@babel/runtime
336 silly ADD node_modules/react-dom
337 silly ADD node_modules/react
338 silly ADD node_modules/react-bootstrap
339 silly ADD node_modules/@popperjs/core
340 silly ADD node_modules/bootstrap
341 verbose cwd c:\Users\aoseb\fast_hack\frontend
342 verbose os Windows_NT 10.0.26100
343 verbose node v22.17.0
344 verbose npm  v10.9.2
345 notice
345 notice New [31mmajor[39m version of npm available! [31m10.9.2[39m -> [34m11.6.2[39m
345 notice Changelog: [34mhttps://github.com/npm/cli/releases/tag/v11.6.2[39m
345 notice To update run: [4mnpm install -g npm@11.6.2[24m
345 notice  { force: true, [Symbol(proc-log.meta)]: true }
346 verbose exit 0
347 info ok
